adding 2017-04-25-23-17-59FPVir-_Light_PV_30_secs_005.fits to zip
adding 2017-04-25-23-09-22FPVir-_Light_PV_30_secs_001.fits to zip
adding 2017-04-25-23-02-04FPVir-_Light_PV_60_secs_002.fits to zip
adding 2017-04-25-23-00-16FPVir-_Light_PV_60_secs_001.fits to zip
adding 2017-04-25-23-16-24FPVir-_Light_PV_30_secs_004.fits to zip
adding 2017-04-25-23-12-48FPVir-_Light_PV_30_secs_003.fits to zip
adding 2017-04-25-23-06-15FPVir-_Light_PV_60_secs_004.fits to zip
adding 2017-04-25-23-08-17FPVir-_Light_PV_60_secs_005.fits to zip
adding 2017-04-25-23-03-52FPVir-_Light_PV_60_secs_003.fits to zip
adding 2017-04-25-23-11-22FPVir-_Light_PV_30_secs_002.fits to zip
adding EMCYG--2019-11-14-19-45-27--PV--Light_020.fits to zip
adding EMCYG--2019-11-14-19-40-01--PV--Light_016.fits to zip
adding EMCYG--2019-11-14-19-25-07--PV--Light_005.fits to zip
adding EMCYG--2019-11-14-19-19-41--PV--Light_001.fits to zip
adding EMCYG--2019-11-14-19-23-43--PV--Light_004.fits to zip
adding EMCYG--2019-11-14-19-27-50--PV--Light_007.fits to zip
adding EMCYG--2019-11-14-19-37-18--PV--Light_014.fits to zip
adding EMCYG--2019-11-14-19-21-00--PV--Light_002.fits to zip
adding EMCYG--2019-11-14-19-29-09--PV--Light_008.fits to zip
adding EMCYG--2019-11-14-19-35-59--PV--Light_013.fits to zip
adding EMCYG--2019-11-14-19-22-24--PV--Light_003.fits to zip
adding EMCYG--2019-11-14-19-34-35--PV--Light_012.fits to zip
adding EMCYG--2019-11-14-19-30-33--PV--Light_009.fits to zip
adding EMCYG--2019-11-14-19-38-42--PV--Light_015.fits to zip
adding EMCYG--2019-11-14-19-42-44--PV--Light_018.fits to zip
adding EMCYG--2019-11-14-19-44-08--PV--Light_019.fits to zip
adding EMCYG--2019-11-14-19-33-16--PV--Light_011.fits to zip
adding EMCYG--2019-11-14-19-26-26--PV--Light_006.fits to zip
adding EMCYG--2019-11-14-19-31-52--PV--Light_010.fits to zip
adding EMCYG--2019-11-14-19-41-25--PV--Light_017.fits to zip
adding EMCYG--2019-11-09-21-33-06--PV--Light_011.fits to zip
adding EMCYG--2019-11-09-21-27-40--PV--Light_007.fits to zip
adding EMCYG--2019-11-09-21-41-15--PV--Light_017.fits to zip
adding EMCYG--2019-11-09-21-22-14--PV--Light_003.fits to zip
adding EMCYG--2019-11-09-21-37-08--PV--Light_014.fits to zip
adding EMCYG--2019-11-09-21-39-51--PV--Light_016.fits to zip
adding EMCYG--2019-11-09-21-34-25--PV--Light_012.fits to zip
adding EMCYG--2019-11-09-21-31-42--PV--Light_010.fits to zip
adding EMCYG--2019-11-09-21-28-59--PV--Light_008.fits to zip
adding EMCYG--2019-11-09-21-35-49--PV--Light_013.fits to zip
adding EMCYG--2019-11-09-21-26-16--PV--Light_006.fits to zip
adding EMCYG--2019-11-09-21-19-27--PV--Light_001.fits to zip
adding EMCYG--2019-11-09-21-24-57--PV--Light_005.fits to zip
adding EMCYG--2019-11-09-21-38-32--PV--Light_015.fits to zip
adding EMCYG--2019-11-09-21-23-33--PV--Light_004.fits to zip
adding EMCYG--2019-11-09-21-20-45--PV--Light_002.fits to zip
adding EMCYG--2019-11-09-21-30-23--PV--Light_009.fits to zip
adding EMCYG--2019-11-12-20-05-23--PV--Light_004.fits to zip
adding EMCYG--2019-11-12-20-37-17--PV--Light_018.fits to zip
adding EMCYG--2019-11-12-20-12-43--PV--Light_006.fits to zip
adding EMCYG--2019-11-12-20-34-27--PV--Light_016.fits to zip
adding EMCYG--2019-11-12-20-02-21--PV--Light_002.fits to zip
adding EMCYG--2019-11-12-20-38-48--PV--Light_019.fits to zip
adding EMCYG--2019-11-12-20-22-03--PV--Light_010.fits to zip
adding EMCYG--2019-11-12-20-20-44--PV--Light_009.fits to zip
adding EMCYG--2019-11-12-20-40-07--PV--Light_020.fits to zip
adding EMCYG--2019-11-12-20-16-38--PV--Light_007.fits to zip
adding EMCYG--2019-11-12-20-17-57--PV--Light_008.fits to zip
adding EMCYG--2019-11-12-20-01-02--PV--Light_001.fits to zip
adding EMCYG--2019-11-12-20-33-08--PV--Light_015.fits to zip
adding EMCYG--2019-11-12-20-35-58--PV--Light_017.fits to zip
adding EMCYG--2019-11-12-20-11-24--PV--Light_005.fits to zip
adding EMCYG--2019-11-12-20-30-18--PV--Light_013.fits to zip
adding EMCYG--2019-11-12-20-31-37--PV--Light_014.fits to zip
adding EMCYG--2019-11-12-20-25-09--PV--Light_011.fits to zip
adding EMCYG--2019-11-12-20-26-28--PV--Light_012.fits to zip
adding EMCYG--2019-11-12-20-04-04--PV--Light_003.fits to zip
adding EMCYG--2019-11-15-21-11-20--PV--Light_009.fits to zip
adding EMCYG--2019-11-15-21-08-29--PV--Light_007.fits to zip
adding EMCYG--2019-11-15-21-09-51--PV--Light_008.fits to zip
adding 2016-08-08-22-15-40M57_Light_007.fits to zip
adding 2016-08-08-22-04-13M57_Light_003.fits to zip
adding 2016-08-08-22-11-24M57_Light_005.fits to zip
adding 2016-08-08-22-02-05M57_Light_002.fits to zip
adding 2016-08-08-21-59-57M57_Light_001.fits to zip
adding 2016-08-08-22-13-32M57_Light_006.fits to zip
adding 2016-08-08-22-06-21M57_Light_004.fits to zip
adding 2016-09-27-20-26-06M57_Light_001.fits to zip
adding 2017-07-17-22-59-36M57_Light_003.fits to zip
adding 2017-07-17-22-52-53M57_Light_001.fits to zip
adding 2017-07-17-23-05-03M57_Light_006.fits to zip
adding 2017-07-17-23-10-56M57_Light_008.fits to zip
adding 2017-07-17-23-01-15M57_Light_004.fits to zip
adding 2017-07-17-23-26-26M57_Light_015.fits to zip
adding 2017-07-17-23-22-11M57_Light_013.fits to zip
adding 2017-07-17-23-31-59M57_Light_017.fits to zip
adding 2017-07-17-23-18-28M57_Light_011.fits to zip
adding 2017-07-17-23-34-20M57_Light_018.fits to zip
adding 2017-07-17-23-20-20M57_Light_012.fits to zip
adding 2017-07-17-23-24-30M57_Light_014.fits to zip
adding 2017-07-17-23-29-18M57_Light_016.fits to zip
adding 2017-07-17-23-14-48M57_Light_009.fits to zip
adding 2017-07-17-23-36-06M57_Light_019.fits to zip
adding 2017-07-17-23-38-08M57_Light_020.fits to zip
adding 2017-07-17-23-07-34M57_Light_007.fits to zip
adding 2017-07-17-23-16-36M57_Light_010.fits to zip
adding 2017-07-17-23-03-24M57_Light_005.fits to zip
adding 2017-07-17-22-57-40M57_Light_002.fits to zip
adding M51--2019-03-27-23-46-05--RED--Light_001.fits to zip
adding M51--2018-04-20-23-34-21--LUM--Light_005.fits to zip
adding M51--2018-04-20-23-52-16--LUM--Light_008.fits to zip
adding M51--2018-04-20-23-13-58--LUM--Light_002.fits to zip
adding M51--2018-04-20-23-08-06--LUM--Light_001.fits to zip
adding M51--2018-04-20-23-27-16--LUM--Light_004.fits to zip
adding M51--2018-04-20-23-40-28--LUM--Light_006.fits to zip
adding M51--2018-04-20-23-45-45--LUM--Light_007.fits to zip
adding M51--2018-04-20-23-58-17--LUM--Light_009.fits to zip
adding M51--2018-04-20-23-20-27--LUM--Light_003.fits to zip
adding M51--2018-04-19-22-49-23--LUM--Light_001.fits to zip
adding M51--2018-04-19-23-05-15--LUM--Light_002.fits to zip
adding M51--2018-05-12-23-55-20--RED--Light_001.fits to zip
adding M51--2018-04-21-01-19-37--LUM--Light_022.fits to zip
adding M51--2018-04-21-01-48-08--LUM--Light_027.fits to zip
adding M51--2018-04-21-01-06-46--LUM--Light_020.fits to zip
adding M51--2018-04-21-00-10-42--LUM--Light_011.fits to zip
adding M51--2018-04-21-01-37-34--LUM--Light_025.fits to zip
adding M51--2018-04-21-00-46-28--LUM--Light_017.fits to zip
adding M51--2018-04-21-00-34-46--LUM--Light_015.fits to zip
adding M51--2018-04-21-00-17-13--LUM--Light_012.fits to zip
adding M51--2018-04-21-01-30-59--LUM--Light_024.fits to zip
adding M51--2018-04-21-01-12-39--LUM--Light_021.fits to zip
adding M51--2018-04-21-01-25-42--LUM--Light_023.fits to zip
adding M51--2018-04-21-01-01-29--LUM--Light_019.fits to zip
adding M51--2018-04-21-00-53-30--LUM--Light_018.fits to zip
adding M51--2018-04-21-00-22-30--LUM--Light_013.fits to zip
adding M51--2018-04-21-02-07-23--LUM--Light_030.fits to zip
adding M51--2018-04-21-00-41-11--LUM--Light_016.fits to zip
adding M51--2018-04-21-01-42-51--LUM--Light_026.fits to zip
adding M51--2018-04-21-00-04-18--LUM--Light_010.fits to zip
adding M51--2018-04-21-01-53-39--LUM--Light_028.fits to zip
adding M51--2018-04-21-02-01-03--LUM--Light_029.fits to zip
adding M51--2018-04-21-00-28-18--LUM--Light_014.fits to zip
adding M51--2018-05-13-00-15-13--RED--Light_004.fits to zip
adding M51--2018-05-13-00-59-52--GREEN--Light_004.fits to zip
adding M51--2018-05-13-00-47-42--GREEN--Light_002.fits to zip
adding M51--2018-05-13-00-29-45--RED--Light_006.fits to zip
adding M51--2018-05-13-00-02-20--RED--Light_002.fits to zip
adding M51--2018-05-13-01-05-40--GREEN--Light_005.fits to zip
adding M51--2018-05-13-00-41-20--GREEN--Light_001.fits to zip
adding M51--2018-05-13-00-36-14--RED--Light_007.fits to zip
adding M51--2018-05-13-00-23-20--RED--Light_005.fits to zip
adding M51--2018-05-13-00-53-50--GREEN--Light_003.fits to zip
adding M51--2018-05-13-00-08-29--RED--Light_003.fits to zip
adding SSCyg--2019-09-19-22-55-28--PV--Light_091.fits to zip
adding SSCyg--2019-09-19-21-22-06--PV--Light_022.fits to zip
adding SSCyg--2019-09-19-22-49-02--PV--Light_086.fits to zip
adding SSCyg--2019-09-19-21-06-27--PV--Light_011.fits to zip
adding SSCyg--2019-09-19-22-11-07--PV--Light_060.fits to zip
adding SSCyg--2019-09-19-21-14-55--PV--Light_017.fits to zip
adding SSCyg--2019-09-19-22-34-56--PV--Light_075.fits to zip
adding SSCyg--2019-09-19-22-51-36--PV--Light_088.fits to zip
adding SSCyg--2019-09-19-21-26-00--PV--Light_025.fits to zip
adding SSCyg--2019-09-19-20-58-43--PV--Light_005.fits to zip
adding SSCyg--2019-09-19-22-58-02--PV--Light_093.fits to zip
adding SSCyg--2019-09-19-22-00-47--PV--Light_052.fits to zip
adding SSCyg--2019-09-19-22-38-46--PV--Light_078.fits to zip
adding SSCyg--2019-09-19-21-46-39--PV--Light_041.fits to zip
adding SSCyg--2019-09-19-21-47-55--PV--Light_042.fits to zip
adding SSCyg--2019-09-19-22-22-44--PV--Light_069.fits to zip
adding SSCyg--2019-09-19-22-36-12--PV--Light_076.fits to zip
adding SSCyg--2019-09-19-20-57-24--PV--Light_004.fits to zip
adding SSCyg--2019-09-19-21-23-25--PV--Light_023.fits to zip
adding SSCyg--2019-09-19-22-18-51--PV--Light_066.fits to zip
adding SSCyg--2019-09-19-22-33-38--PV--Light_074.fits to zip
adding SSCyg--2019-09-19-21-02-34--PV--Light_008.fits to zip
adding SSCyg--2019-09-19-21-33-45--PV--Light_031.fits to zip
adding SSCyg--2019-09-19-21-40-11--PV--Light_036.fits to zip
adding SSCyg--2019-09-19-21-49-14--PV--Light_043.fits to zip
adding SSCyg--2019-09-19-21-55-38--PV--Light_048.fits to zip
adding SSCyg--2019-09-19-21-12-21--PV--Light_015.fits to zip
adding SSCyg--2019-09-19-22-31-04--PV--Light_072.fits to zip
adding SSCyg--2019-09-19-21-01-18--PV--Light_007.fits to zip
adding SSCyg--2019-09-19-21-20-50--PV--Light_021.fits to zip
adding SSCyg--2019-09-19-22-45-12--PV--Light_083.fits to zip
adding SSCyg--2019-09-19-21-13-37--PV--Light_016.fits to zip
adding SSCyg--2019-09-19-22-54-10--PV--Light_090.fits to zip
adding SSCyg--2019-09-19-22-09-51--PV--Light_059.fits to zip
adding SSCyg--2019-09-19-21-31-10--PV--Light_029.fits to zip
adding SSCyg--2019-09-19-21-09-02--PV--Light_013.fits to zip
adding SSCyg--2019-09-19-21-56-56--PV--Light_049.fits to zip
adding SSCyg--2019-09-19-21-03-53--PV--Light_009.fits to zip
adding SSCyg--2019-09-19-21-16-11--PV--Light_018.fits to zip
adding SSCyg--2019-09-19-21-37-36--PV--Light_034.fits to zip
adding SSCyg--2019-09-19-23-00-36--PV--Light_095.fits to zip
adding SSCyg--2019-09-19-21-28-35--PV--Light_027.fits to zip
adding SSCyg--2019-09-19-21-54-22--PV--Light_047.fits to zip
adding SSCyg--2019-09-19-21-45-21--PV--Light_040.fits to zip
adding SSCyg--2019-09-19-20-59-59--PV--Light_006.fits to zip
adding SSCyg--2019-09-19-22-15-01--PV--Light_063.fits to zip
adding SSCyg--2019-09-19-23-05-44--PV--Light_099.fits to zip
adding SSCyg--2019-09-19-21-53-04--PV--Light_046.fits to zip
adding SSCyg--2019-09-19-22-32-22--PV--Light_073.fits to zip
adding SSCyg--2019-09-19-22-07-16--PV--Light_057.fits to zip
adding SSCyg--2019-09-19-21-42-46--PV--Light_038.fits to zip
adding SSCyg--2019-09-19-21-29-51--PV--Light_028.fits to zip
adding SSCyg--2019-09-19-22-16-17--PV--Light_064.fits to zip
adding SSCyg--2019-09-19-22-50-20--PV--Light_087.fits to zip
adding SSCyg--2019-09-19-20-56-08--PV--Light_003.fits to zip
adding SSCyg--2019-09-19-22-59-18--PV--Light_094.fits to zip
adding SSCyg--2019-09-19-23-01-52--PV--Light_096.fits to zip
adding SSCyg--2019-09-19-22-29-48--PV--Light_071.fits to zip
adding SSCyg--2019-09-19-22-04-41--PV--Light_055.fits to zip
adding SSCyg--2019-09-19-22-37-30--PV--Light_077.fits to zip
adding SSCyg--2019-09-19-21-10-18--PV--Light_014.fits to zip
adding SSCyg--2019-09-19-21-24-41--PV--Light_024.fits to zip
adding SSCyg--2019-0adding 2017-04-25-23-17-59FPVir-_Light_PV_30_secs_005.fits to zip
adding 2017-04-25-23-09-22FPVir-_Light_PV_30_secs_001.fits to zip
adding 2017-04-25-23-02-04FPVir-_Light_PV_60_secs_002.fits to zip
adding 2017-04-25-23-00-16FPVir-_Light_PV_60_secs_001.fits to zip
adding 2017-04-25-23-16-24FPVir-_Light_PV_30_secs_004.fits to zip
adding 2017-04-25-23-12-48FPVir-_Light_PV_30_secs_003.fits to zip
adding 2017-04-25-23-06-15FPVir-_Light_PV_60_secs_004.fits to zip
adding 2017-04-25-23-08-17FPVir-_Light_PV_60_secs_005.fits to zip
adding 2017-04-25-23-03-52FPVir-_Light_PV_60_secs_003.fits to zip
adding 2017-04-25-23-11-22FPVir-_Light_PV_30_secs_002.fits to zip
adding EMCYG--2019-11-14-19-45-27--PV--Light_020.fits to zip
adding EMCYG--2019-11-14-19-40-01--PV--Light_016.fits to zip
adding EMCYG--2019-11-14-19-25-07--PV--Light_005.fits to zip
adding EMCYG--2019-11-14-19-19-41--PV--Light_001.fits to zip
adding EMCYG--2019-11-14-19-23-43--PV--Light_004.fits to zip
adding EMCYG--2019-11-14-19-27-50--PV--Light_007.fits to zip
adding EMCYG--2019-11-14-19-37-18--PV--Light_014.fits to zip
adding EMCYG--2019-11-14-19-21-00--PV--Light_002.fits to zip
adding EMCYG--2019-11-14-19-29-09--PV--Light_008.fits to zip
adding EMCYG--2019-11-14-19-35-59--PV--Light_013.fits to zip
adding EMCYG--2019-11-14-19-22-24--PV--Light_003.fits to zip
adding EMCYG--2019-11-14-19-34-35--PV--Light_012.fits to zip
adding EMCYG--2019-11-14-19-30-33--PV--Light_009.fits to zip
adding EMCYG--2019-11-14-19-38-42--PV--Light_015.fits to zip
adding EMCYG--2019-11-14-19-42-44--PV--Light_018.fits to zip
adding EMCYG--2019-11-14-19-44-08--PV--Light_019.fits to zip
adding EMCYG--2019-11-14-19-33-16--PV--Light_011.fits to zip
adding EMCYG--2019-11-14-19-26-26--PV--Light_006.fits to zip
adding EMCYG--2019-11-14-19-31-52--PV--Light_010.fits to zip
adding EMCYG--2019-11-14-19-41-25--PV--Light_017.fits to zip
adding EMCYG--2019-11-09-21-33-06--PV--Light_011.fits to zip
adding EMCYG--2019-11-09-21-27-40--PV--Light_007.fits to zip
adding EMCYG--2019-11-09-21-41-15--PV--Light_017.fits to zip
adding EMCYG--2019-11-09-21-22-14--PV--Light_003.fits to zip
adding EMCYG--2019-11-09-21-37-08--PV--Light_014.fits to zip
adding EMCYG--2019-11-09-21-39-51--PV--Light_016.fits to zip
adding EMCYG--2019-11-09-21-34-25--PV--Light_012.fits to zip
adding EMCYG--2019-11-09-21-31-42--PV--Light_010.fits to zip
adding EMCYG--2019-11-09-21-28-59--PV--Light_008.fits to zip
adding EMCYG--2019-11-09-21-35-49--PV--Light_013.fits to zip
adding EMCYG--2019-11-09-21-26-16--PV--Light_006.fits to zip
adding EMCYG--2019-11-09-21-19-27--PV--Light_001.fits to zip
adding EMCYG--2019-11-09-21-24-57--PV--Light_005.fits to zip
adding EMCYG--2019-11-09-21-38-32--PV--Light_015.fits to zip
adding EMCYG--2019-11-09-21-23-33--PV--Light_004.fits to zip
adding EMCYG--2019-11-09-21-20-45--PV--Light_002.fits to zip
adding EMCYG--2019-11-09-21-30-23--PV--Light_009.fits to zip
adding EMCYG--2019-11-12-20-05-23--PV--Light_004.fits to zip
adding EMCYG--2019-11-12-20-37-17--PV--Light_018.fits to zip
adding EMCYG--2019-11-12-20-12-43--PV--Light_006.fits to zip
adding EMCYG--2019-11-12-20-34-27--PV--Light_016.fits to zip
adding EMCYG--2019-11-12-20-02-21--PV--Light_002.fits to zip
adding EMCYG--2019-11-12-20-38-48--PV--Light_019.fits to zip
adding EMCYG--2019-11-12-20-22-03--PV--Light_010.fits to zip
adding EMCYG--2019-11-12-20-20-44--PV--Light_009.fits to zip
adding EMCYG--2019-11-12-20-40-07--PV--Light_020.fits to zip
adding EMCYG--2019-11-12-20-16-38--PV--Light_007.fits to zip
adding EMCYG--2019-11-12-20-17-57--PV--Light_008.fits to zip
adding EMCYG--2019-11-12-20-01-02--PV--Light_001.fits to zip
adding EMCYG--2019-11-12-20-33-08--PV--Light_015.fits to zip
adding EMCYG--2019-11-12-20-35-58--PV--Light_017.fits to zip
adding EMCYG--2019-11-12-20-11-24--PV--Light_005.fits to zip
adding EMCYG--2019-11-12-20-30-18--PV--Light_013.fits to zip
adding EMCYG--2019-11-12-20-31-37--PV--Light_014.fits to zip
adding EMCYG--2019-11-12-20-25-09--PV--Light_011.fits to zip
adding EMCYG--2019-11-12-20-26-28--PV--Light_012.fits to zip
adding EMCYG--2019-11-12-20-04-04--PV--Light_003.fits to zip
adding EMCYG--2019-11-15-21-11-20--PV--Light_009.fits to zip
adding EMCYG--2019-11-15-21-08-29--PV--Light_007.fits to zip
adding EMCYG--2019-11-15-21-09-51--PV--Light_008.fits to zip
adding 2016-08-08-22-15-40M57_Light_007.fits to zip
adding 2016-08-08-22-04-13M57_Light_003.fits to zip
adding 2016-08-08-22-11-24M57_Light_005.fits to zip
adding 2016-08-08-22-02-05M57_Light_002.fits to zip
adding 2016-08-08-21-59-57M57_Light_001.fits to zip
adding 2016-08-08-22-13-32M57_Light_006.fits to zip
adding 2016-08-08-22-06-21M57_Light_004.fits to zip
adding 2016-09-27-20-26-06M57_Light_001.fits to zip
adding 2017-07-17-22-59-36M57_Light_003.fits to zip
adding 2017-07-17-22-52-53M57_Light_001.fits to zip
adding 2017-07-17-23-05-03M57_Light_006.fits to zip
adding 2017-07-17-23-10-56M57_Light_008.fits to zip
adding 2017-07-17-23-01-15M57_Light_004.fits to zip
adding 2017-07-17-23-26-26M57_Light_015.fits to zip
adding 2017-07-17-23-22-11M57_Light_013.fits to zip
adding 2017-07-17-23-31-59M57_Light_017.fits to zip
adding 2017-07-17-23-18-28M57_Light_011.fits to zip
adding 2017-07-17-23-34-20M57_Light_018.fits to zip
adding 2017-07-17-23-20-20M57_Light_012.fits to zip
adding 2017-07-17-23-24-30M57_Light_014.fits to zip
adding 2017-07-17-23-29-18M57_Light_016.fits to zip
adding 2017-07-17-23-14-48M57_Light_009.fits to zip
adding 2017-07-17-23-36-06M57_Light_019.fits to zip
adding 2017-07-17-23-38-08M57_Light_020.fits to zip
adding 2017-07-17-23-07-34M57_Light_007.fits to zip
adding 2017-07-17-23-16-36M57_Light_010.fits to zip
adding 2017-07-17-23-03-24M57_Light_005.fits to zip
adding 2017-07-17-22-57-40M57_Light_002.fits to zip
adding M51--2019-03-27-23-46-05--RED--Light_001.fits to zip
adding M51--2018-04-20-23-34-21--LUM--Light_005.fits to zip
adding M51--2018-04-20-23-52-16--LUM--Light_008.fits to zip
adding M51--2018-04-20-23-13-58--LUM--Light_002.fits to zip
adding M51--2018-04-20-23-08-06--LUM--Light_001.fits to zip
adding M51--2018-04-20-23-27-16--LUM--Light_004.fits to zip
adding M51--2018-04-20-23-40-28--LUM--Light_006.fits to zip
adding M51--2018-04-20-23-45-45--LUM--Light_007.fits to zip
adding M51--2018-04-20-23-58-17--LUM--Light_009.fits to zip
adding M51--2018-04-20-23-20-27--LUM--Light_003.fits to zip
adding M51--2018-04-19-22-49-23--LUM--Light_001.fits to zip
adding M51--2018-04-19-23-05-15--LUM--Light_002.fits to zip
adding M51--2018-05-12-23-55-20--RED--Light_001.fits to zip
adding M51--2018-04-21-01-19-37--LUM--Light_022.fits to zip
adding M51--2018-04-21-01-48-08--LUM--Light_027.fits to zip
adding M51--2018-04-21-01-06-46--LUM--Light_020.fits to zip
adding M51--2018-04-21-00-10-42--LUM--Light_011.fits to zip
adding M51--2018-04-21-01-37-34--LUM--Light_025.fits to zip
adding M51--2018-04-21-00-46-28--LUM--Light_017.fits to zip
adding M51--2018-04-21-00-34-46--LUM--Light_015.fits to zip
adding M51--2018-04-21-00-17-13--LUM--Light_012.fits to zip
adding M51--2018-04-21-01-30-59--LUM--Light_024.fits to zip
adding M51--2018-04-21-01-12-39--LUM--Light_021.fits to zip
adding M51--2018-04-21-01-25-42--LUM--Light_023.fits to zip
adding M51--2018-04-21-01-01-29--LUM--Light_019.fits to zip
adding M51--2018-04-21-00-53-30--LUM--Light_018.fits to zip
adding M51--2018-04-21-00-22-30--LUM--Light_013.fits to zip
adding M51--2018-04-21-02-07-23--LUM--Light_030.fits to zip
adding M51--2018-04-21-00-41-11--LUM--Light_016.fits to zip
adding M51--2018-04-21-01-42-51--LUM--Light_026.fits to zip
adding M51--2018-04-21-00-04-18--LUM--Light_010.fits to zip
adding M51--2018-04-21-01-53-39--LUM--Light_028.fits to zip
adding M51--2018-04-21-02-01-03--LUM--Light_029.fits to zip
adding M51--2018-04-21-00-28-18--LUM--Light_014.fits to zip
adding M51--2018-05-13-00-15-13--RED--Light_004.fits to zip
adding M51--2018-05-13-00-59-52--GREEN--Light_004.fits to zip
adding M51--2018-05-13-00-47-42--GREEN--Light_002.fits to zip
adding M51--2018-05-13-00-29-45--RED--Light_006.fits to zip
adding M51--2018-05-13-00-02-20--RED--Light_002.fits to zip
adding M51--2018-05-13-01-05-40--GREEN--Light_005.fits to zip
adding M51--2018-05-13-00-41-20--GREEN--Light_001.fits to zip
adding M51--2018-05-13-00-36-14--RED--Light_007.fits to zip
adding M51--2018-05-13-00-23-20--RED--Light_005.fits to zip
adding M51--2018-05-13-00-53-50--GREEN--Light_003.fits to zip
adding M51--2018-05-13-00-08-29--RED--Light_003.fits to zip
adding SSCyg--2019-09-19-22-55-28--PV--Light_091.fits to zip
adding SSCyg--2019-09-19-21-22-06--PV--Light_022.fits to zip
adding SSCyg--2019-09-19-22-49-02--PV--Light_086.fits to zip
adding SSCyg--2019-09-19-21-06-27--PV--Light_011.fits to zip
adding SSCyg--2019-09-19-22-11-07--PV--Light_060.fits to zip
adding SSCyg--2019-09-19-21-14-55--PV--Light_017.fits to zip
adding SSCyg--2019-09-19-22-34-56--PV--Light_075.fits to zip
adding SSCyg--2019-09-19-22-51-36--PV--Light_088.fits to zip
adding SSCyg--2019-09-19-21-26-00--PV--Light_025.fits to zip
adding SSCyg--2019-09-19-20-58-43--PV--Light_005.fits to zip
adding SSCyg--2019-09-19-22-58-02--PV--Light_093.fits to zip
adding SSCyg--2019-09-19-22-00-47--PV--Light_052.fits to zip
adding SSCyg--2019-09-19-22-38-46--PV--Light_078.fits to zip
adding SSCyg--2019-09-19-21-46-39--PV--Light_041.fits to zip
adding SSCyg--2019-09-19-21-47-55--PV--Light_042.fits to zip
adding SSCyg--2019-09-19-22-22-44--PV--Light_069.fits to zip
adding SSCyg--2019-09-19-22-36-12--PV--Light_076.fits to zip
adding SSCyg--2019-09-19-20-57-24--PV--Light_004.fits to zip
adding SSCyg--2019-09-19-21-23-25--PV--Light_023.fits to zip
adding SSCyg--2019-09-19-22-18-51--PV--Light_066.fits to zip
adding SSCyg--2019-09-19-22-33-38--PV--Light_074.fits to zip
adding SSCyg--2019-09-19-21-02-34--PV--Light_008.fits to zip
adding SSCyg--2019-09-19-21-33-45--PV--Light_031.fits to zip
adding SSCyg--2019-09-19-21-40-11--PV--Light_036.fits to zip
adding SSCyg--2019-09-19-21-49-14--PV--Light_043.fits to zip
adding SSCyg--2019-09-19-21-55-38--PV--Light_048.fits to zip
adding SSCyg--2019-09-19-21-12-21--PV--Light_015.fits to zip
adding SSCyg--2019-09-19-22-31-04--PV--Light_072.fits to zip
adding SSCyg--2019-09-19-21-01-18--PV--Light_007.fits to zip
adding SSCyg--2019-09-19-21-20-50--PV--Light_021.fits to zip
adding SSCyg--2019-09-19-22-45-12--PV--Light_083.fits to zip
adding SSCyg--2019-09-19-21-13-37--PV--Light_016.fits to zip
adding SSCyg--2019-09-19-22-54-10--PV--Light_090.fits to zip
adding SSCyg--2019-09-19-22-09-51--PV--Light_059.fits to zip
adding SSCyg--2019-09-19-21-31-10--PV--Light_029.fits to zip
adding SSCyg--2019-09-19-21-09-02--PV--Light_013.fits to zip
adding SSCyg--2019-09-19-21-56-56--PV--Light_049.fits to zip
adding SSCyg--2019-09-19-21-03-53--PV--Light_009.fits to zip
adding SSCyg--2019-09-19-21-16-11--PV--Light_018.fits to zip
adding SSCyg--2019-09-19-21-37-36--PV--Light_034.fits to zip
adding SSCyg--2019-09-19-23-00-36--PV--Light_095.fits to zip
adding SSCyg--2019-09-19-21-28-35--PV--Light_027.fits to zip
adding SSCyg--2019-09-19-21-54-22--PV--Light_047.fits to zip
adding SSCyg--2019-09-19-21-45-21--PV--Light_040.fits to zip
adding SSCyg--2019-09-19-20-59-59--PV--Light_006.fits to zip
adding SSCyg--2019-09-19-22-15-01--PV--Light_063.fits to zip
adding SSCyg--2019-09-19-23-05-44--PV--Light_099.fits to zip
adding SSCyg--2019-09-19-21-53-04--PV--Light_046.fits to zip
adding SSCyg--2019-09-19-22-32-22--PV--Light_073.fits to zip
adding SSCyg--2019-09-19-22-07-16--PV--Light_057.fits to zip
adding SSCyg--2019-09-19-21-42-46--PV--Light_038.fits to zip
adding SSCyg--2019-09-19-21-29-51--PV--Light_028.fits to zip
adding SSCyg--2019-09-19-22-16-17--PV--Light_064.fits to zip
adding SSCyg--2019-09-19-22-50-20--PV--Light_087.fits to zip
adding SSCyg--2019-09-19-20-56-08--PV--Light_003.fits to zip
adding SSCyg--2019-09-19-22-59-18--PV--Light_094.fits to zip
adding SSCyg--2019-09-19-23-01-52--PV--Light_096.fits to zip
adding SSCyg--2019-09-19-22-29-48--PV--Light_071.fits to zip
adding SSCyg--2019-09-19-22-04-41--PV--Light_055.fits to zip
adding SSCyg--2019-09-19-22-37-30--PV--Light_077.fits to zip
adding SSCyg--2019-09-19-21-10-18--PV--Light_014.fits to zip
adding SSCyg--2019-09-19-21-24-41--PV--Light_024.fits to zip
adding SSCyg--2019-09-19-21-36-20--PV--Light_033.fits to zip
adding SSCyg--2019-09-19-22-42-38--PV--Light_081.fits to zip
adding SSCyg--2019-09-19-22-21-26--PV--Light_068.fits to zip
adding SSCyg--2019-09-19-22-46-28--PV--Light_084.fits to zip
adding SSCyg--2019-09-19-22-56-44--PV--Light_092.fits to zip
adding SSCyg--2019-09-19-21-41-30--PV--Light_037.fits to zip
adding SSCyg--2019-09-19-20-51-53--PV--Light_001.fits to zip
adding SSCyg--2019-09-19-21-38-55--PV--Light_035.fits to zip
adding SSCyg--2019-09-19-21-27-16--PV--Light_026.fits to zip
adding SSCyg--2019-09-19-21-51-48--PV--Light_045.fits to zip
adding SSCyg--2019-09-19-22-47-46--PV--Light_085.fits to zip
adding SSCyg--2019-09-19-21-59-31--PV--Light_051.fits to zip
adding SSCyg--2019-09-19-22-52-54--PV--Light_089.fits to zip
adding SSCyg--2019-09-19-21-35-01--PV--Light_032.fits to zip
adding SSCyg--2019-09-19-22-27-18--PV--Light_070.fits to zip
adding SSCyg--2019-09-19-22-20-10--PV--Light_067.fits to zip
adding SSCyg--2019-09-19-22-12-26--PV--Light_061.fits to zip
adding SSCyg--2019-09-19-23-04-26--PV--Light_098.fits to zip
adding SSCyg--2019-09-19-23-03-10--PV--Light_097.fits to zip
adding SSCyg--2019-09-19-21-07-43--PV--Light_012.fits to zip
adding SSCyg--2019-09-19-21-58-12--PV--Light_050.fits to zip
adding SSCyg--2019-09-19-22-41-20--PV--Light_080.fits to zip
adding SSCyg--2019-09-19-21-32-26--PV--Light_030.fits to zip
adding SSCyg--2019-09-19-22-40-04--PV--Light_079.fits to zip
adding SSCyg--2019-09-19-22-03-22--PV--Light_054.fits to zip
adding SSCyg--2019-09-19-22-17-35--PV--Light_065.fits to zip
adding SSCyg--2019-09-19-22-13-42--PV--Light_062.fits to zip
adding SSCyg--2019-09-19-22-43-54--PV--Light_082.fits to zip
adding SSCyg--2019-09-19-21-44-05--PV--Light_039.fits to zip
adding SSCyg--2019-09-19-21-50-30--PV--Light_044.fits to zip
adding SSCyg--2019-09-19-22-05-57--PV--Light_056.fits to zip
adding SSCyg--2019-09-19-21-05-09--PV--Light_010.fits to zip
adding SSCyg--2019-09-19-20-53-09--PV--Light_002.fits to zip
adding SSCyg--2019-09-19-22-02-06--PV--Light_053.fits to zip
adding SSCyg--2019-09-19-22-08-32--PV--Light_058.fits to zip
adding SSCyg--2019-09-19-21-18-46--PV--Light_020.fits to zip
adding SSCyg--2019-09-19-21-17-30--PV--Light_019.fits to zip
adding SSCyg--2019-09-19-23-07-00--PV--Light_100.fits to zip
adding SSCyg--2019-09-22-23-24-12--PV--Light_077.fits to zip
adding SSCyg--2019-09-22-23-40-52--PV--Light_090.fits to zip
adding SSCyg--2019-09-22-22-15-14--PV--Light_024.fits to zip
adding SSCyg--2019-09-22-23-53-42--PV--Light_100.fits to zip
adding SSCyg--2019-09-22-22-35-26--PV--Light_039.fits to zip
adding SSCyg--2019-09-22-22-48-16--PV--Light_049.fits to zip
adding SSCyg--2019-09-22-23-38-18--PV--Light_088.fits to zip
adding SSCyg--2019-09-22-23-26-46--PV--Light_079.fits to zip
adding SSCyg--2019-09-22-22-34-08--PV--Light_038.fits to zip
adding SSCyg--2019-09-22-22-40-34--PV--Light_043.fits to zip
adding SSCyg--2019-09-22-22-23-52--PV--Light_030.fits to zip
adding SSCyg--2019-09-22-23-10-04--PV--Light_066.fits to zip
adding SSCyg--2019-09-22-21-41-16--PV--Light_001.fits to zip
adding SSCyg--2019-09-22-23-35-44--PV--Light_086.fits to zip
adding SSCyg--2019-09-22-22-36-42--PV--Light_040.fits to zip
adding SSCyg--2019-09-22-21-55-15--PV--Light_011.fits to zip
adding SSCyg--2019-09-22-22-10-44--PV--Light_023.fits to zip
adding SSCyg--2019-09-22-22-03-00--PV--Light_017.fits to zip
adding SSCyg--2019-09-22-23-46-00--PV--Light_094.fits to zip
adding SSCyg--2019-09-22-22-31-34--PV--Light_036.fits to zip
adding SSCyg--2019-09-22-23-16-30--PV--Light_071.fits to zip
adding SSCyg--2019-09-22-22-39-16--PV--Light_042.fits to zip
adding SSCyg--2019-09-22-22-08-10--PV--Light_021.fits to zip
adding SSCyg--2019-09-22-22-18-44--PV--Light_026.fits to zip
adding SSCyg--2019-09-22-23-12-38--PV--Light_068.fits to zip
adding SSCyg--2019-09-22-21-50-05--PV--Light_007.fits to zip
adding SSCyg--2019-09-22-23-52-26--PV--Light_099.fits to zip
adding SSCyg--2019-09-22-21-53-56--PV--Light_010.fits to zip
adding SSCyg--2019-09-22-23-20-20--PV--Light_074.fits to zip
adding SSCyg--2019-09-22-23-21-38--PV--Light_075.fits to zip
adding SSCyg--2019-09-22-23-33-10--PV--Light_084.fits to zip
adding SSCyg--2019-09-22-23-49-52--PV--Light_097.fits to zip
adding SSCyg--2019-09-22-23-25-28--PV--Light_078.fits to zip
adding SSCyg--2019-09-22-23-07-30--PV--Light_064.fits to zip
adding SSCyg--2019-09-22-23-06-14--PV--Light_063.fits to zip
adding SSCyg--2019-09-22-22-30-18--PV--Light_035.fits to zip
adding SSCyg--2019-09-22-22-20-02--PV--Light_027.fits to zip
Traceback (most recent call last):
  File "./generate_fits_summary.py", line 57, in <module>
    write_zip_files_per_object(objects)
  File "./generate_fits_summary.py", line 45, in write_zip_files_per_object
    ZipFile.write(fits, os.path.basename(fits), compress_type=zipfile.ZIP_DEFLATED)
  File "/usr/lib/python2.7/zipfile.py", line 1171, in write
    self._writecheck(zinfo)
  File "/usr/lib/python2.7/zipfile.py", line 1137, in _writecheck
    " would require ZIP64 extensions")
zipfile.LargeZipFile: Zipfile size would require ZIP64 extensions
Exception zipfile.LargeZipFile: LargeZipFile('Central directory offset would require ZIP64 extensions',) in <bound method ZipFile.__del__ of <zipfile.ZipFile object at 0x7f89a3fe4310>> ignored
